[0.185s] DEBUG:colcon:Command line arguments: ['/usr/bin/colcon', 'build', '--symlink-install']
[0.185s] DEBUG:colcon:Parsed command line arguments: Namespace(log_base=None, log_level=None, verb_name='build', build_base='build', install_base='install', merge_install=False, symlink_install=True, test_result_base=None, continue_on_error=False, executor='parallel', parallel_workers=8, event_handlers=None, ignore_user_meta=False, metas=['./colcon.meta'], base_paths=['.'], packages_ignore=None, packages_ignore_regex=None, paths=None, packages_up_to=None, packages_up_to_regex=None, packages_above=None, packages_above_and_dependencies=None, packages_above_depth=None, packages_select_by_dep=None, packages_skip_by_dep=None, packages_skip_up_to=None, packages_select_build_failed=False, packages_skip_build_finished=False, packages_select_test_failures=False, packages_skip_test_passed=False, packages_select=None, packages_skip=None, packages_select_regex=None, packages_skip_regex=None, packages_start=None, packages_end=None, allow_overriding=[], cmake_args=None, cmake_target=None, cmake_target_skip_unavailable=False, cmake_clean_cache=False, cmake_clean_first=False, cmake_force_configure=False, ament_cmake_args=None, catkin_cmake_args=None, catkin_skip_building_tests=False, mixin_files=None, mixin=None, verb_parser=<colcon_mixin.mixin.mixin_argument.MixinArgumentDecorator object at 0x7f72bab9e7a0>, verb_extension=<colcon_core.verb.build.BuildVerb object at 0x7f72bac976a0>, main=<bound method BuildVerb.main of <colcon_core.verb.build.BuildVerb object at 0x7f72bac976a0>>, mixin_verb=('build',))
[0.337s] Level 1:colcon.colcon_core.package_discovery:discover_packages(colcon_meta) check parameters
[0.337s] Level 1:colcon.colcon_core.package_discovery:discover_packages(recursive) check parameters
[0.337s] Level 1:colcon.colcon_core.package_discovery:discover_packages(ignore) check parameters
[0.337s] Level 1:colcon.colcon_core.package_discovery:discover_packages(path) check parameters
[0.337s] Level 1:colcon.colcon_core.package_discovery:discover_packages(colcon_meta) discover
[0.338s] Level 1:colcon.colcon_core.package_discovery:discover_packages(recursive) discover
[0.338s] INFO:colcon.colcon_core.package_discovery:Crawling recursively for packages in '/home/roopi66/ros2_ws'
[0.338s] Level 1:colcon.colcon_core.package_identification:_identify(.) by extensions ['ignore', 'ignore_ament_install']
[0.338s] Level 1:colcon.colcon_core.package_identification:_identify(.) by extension 'ignore'
[0.338s] Level 1:colcon.colcon_core.package_identification:_identify(.) by extension 'ignore_ament_install'
[0.338s] Level 1:colcon.colcon_core.package_identification:_identify(.) by extensions ['colcon_pkg']
[0.338s] Level 1:colcon.colcon_core.package_identification:_identify(.) by extension 'colcon_pkg'
[0.338s] Level 1:colcon.colcon_core.package_identification:_identify(.) by extensions ['colcon_meta']
[0.338s] Level 1:colcon.colcon_core.package_identification:_identify(.) by extension 'colcon_meta'
[0.338s] Level 1:colcon.colcon_core.package_identification:_identify(.) by extensions ['ros']
[0.338s] Level 1:colcon.colcon_core.package_identification:_identify(.) by extension 'ros'
[0.348s] Level 1:colcon.colcon_core.package_identification:_identify(.) by extensions ['cmake', 'python']
[0.348s] Level 1:colcon.colcon_core.package_identification:_identify(.) by extension 'cmake'
[0.348s] Level 1:colcon.colcon_core.package_identification:_identify(.) by extension 'python'
[0.348s] Level 1:colcon.colcon_core.package_identification:_identify(.) by extensions ['python_setup_py']
[0.348s] Level 1:colcon.colcon_core.package_identification:_identify(.) by extension 'python_setup_py'
[0.348s] Level 1:colcon.colcon_core.package_identification:_identify(build) by extensions ['ignore', 'ignore_ament_install']
[0.348s] Level 1:colcon.colcon_core.package_identification:_identify(build) by extension 'ignore'
[0.348s] Level 1:colcon.colcon_core.package_identification:_identify(build) ignored
[0.348s] Level 1:colcon.colcon_core.package_identification:_identify(install) by extensions ['ignore', 'ignore_ament_install']
[0.348s] Level 1:colcon.colcon_core.package_identification:_identify(install) by extension 'ignore'
[0.348s] Level 1:colcon.colcon_core.package_identification:_identify(install) ignored
[0.349s] Level 1:colcon.colcon_core.package_identification:_identify(log) by extensions ['ignore', 'ignore_ament_install']
[0.349s] Level 1:colcon.colcon_core.package_identification:_identify(log) by extension 'ignore'
[0.349s] Level 1:colcon.colcon_core.package_identification:_identify(log) ignored
[0.349s] Level 1:colcon.colcon_core.package_identification:_identify(runs) by extensions ['ignore', 'ignore_ament_install']
[0.349s] Level 1:colcon.colcon_core.package_identification:_identify(runs) by extension 'ignore'
[0.349s] Level 1:colcon.colcon_core.package_identification:_identify(runs) by extension 'ignore_ament_install'
[0.349s] Level 1:colcon.colcon_core.package_identification:_identify(runs) by extensions ['colcon_pkg']
[0.349s] Level 1:colcon.colcon_core.package_identification:_identify(runs) by extension 'colcon_pkg'
[0.349s] Level 1:colcon.colcon_core.package_identification:_identify(runs) by extensions ['colcon_meta']
[0.349s] Level 1:colcon.colcon_core.package_identification:_identify(runs) by extension 'colcon_meta'
[0.349s] Level 1:colcon.colcon_core.package_identification:_identify(runs) by extensions ['ros']
[0.349s] Level 1:colcon.colcon_core.package_identification:_identify(runs) by extension 'ros'
[0.349s] Level 1:colcon.colcon_core.package_identification:_identify(runs) by extensions ['cmake', 'python']
[0.349s] Level 1:colcon.colcon_core.package_identification:_identify(runs) by extension 'cmake'
[0.349s] Level 1:colcon.colcon_core.package_identification:_identify(runs) by extension 'python'
[0.349s] Level 1:colcon.colcon_core.package_identification:_identify(runs) by extensions ['python_setup_py']
[0.349s] Level 1:colcon.colcon_core.package_identification:_identify(runs) by extension 'python_setup_py'
[0.349s] Level 1:colcon.colcon_core.package_identification:_identify(runs/detect) by extensions ['ignore', 'ignore_ament_install']
[0.349s] Level 1:colcon.colcon_core.package_identification:_identify(runs/detect) by extension 'ignore'
[0.349s] Level 1:colcon.colcon_core.package_identification:_identify(runs/detect) by extension 'ignore_ament_install'
[0.349s] Level 1:colcon.colcon_core.package_identification:_identify(runs/detect) by extensions ['colcon_pkg']
[0.349s] Level 1:colcon.colcon_core.package_identification:_identify(runs/detect) by extension 'colcon_pkg'
[0.349s] Level 1:colcon.colcon_core.package_identification:_identify(runs/detect) by extensions ['colcon_meta']
[0.350s] Level 1:colcon.colcon_core.package_identification:_identify(runs/detect) by extension 'colcon_meta'
[0.350s] Level 1:colcon.colcon_core.package_identification:_identify(runs/detect) by extensions ['ros']
[0.350s] Level 1:colcon.colcon_core.package_identification:_identify(runs/detect) by extension 'ros'
[0.350s] Level 1:colcon.colcon_core.package_identification:_identify(runs/detect) by extensions ['cmake', 'python']
[0.350s] Level 1:colcon.colcon_core.package_identification:_identify(runs/detect) by extension 'cmake'
[0.350s] Level 1:colcon.colcon_core.package_identification:_identify(runs/detect) by extension 'python'
[0.350s] Level 1:colcon.colcon_core.package_identification:_identify(runs/detect) by extensions ['python_setup_py']
[0.350s] Level 1:colcon.colcon_core.package_identification:_identify(runs/detect) by extension 'python_setup_py'
[0.350s] Level 1:colcon.colcon_core.package_identification:_identify(runs/detect/train) by extensions ['ignore', 'ignore_ament_install']
[0.350s] Level 1:colcon.colcon_core.package_identification:_identify(runs/detect/train) by extension 'ignore'
[0.350s] Level 1:colcon.colcon_core.package_identification:_identify(runs/detect/train) by extension 'ignore_ament_install'
[0.350s] Level 1:colcon.colcon_core.package_identification:_identify(runs/detect/train) by extensions ['colcon_pkg']
[0.350s] Level 1:colcon.colcon_core.package_identification:_identify(runs/detect/train) by extension 'colcon_pkg'
[0.350s] Level 1:colcon.colcon_core.package_identification:_identify(runs/detect/train) by extensions ['colcon_meta']
[0.350s] Level 1:colcon.colcon_core.package_identification:_identify(runs/detect/train) by extension 'colcon_meta'
[0.350s] Level 1:colcon.colcon_core.package_identification:_identify(runs/detect/train) by extensions ['ros']
[0.350s] Level 1:colcon.colcon_core.package_identification:_identify(runs/detect/train) by extension 'ros'
[0.350s] Level 1:colcon.colcon_core.package_identification:_identify(runs/detect/train) by extensions ['cmake', 'python']
[0.350s] Level 1:colcon.colcon_core.package_identification:_identify(runs/detect/train) by extension 'cmake'
[0.350s] Level 1:colcon.colcon_core.package_identification:_identify(runs/detect/train) by extension 'python'
[0.350s] Level 1:colcon.colcon_core.package_identification:_identify(runs/detect/train) by extensions ['python_setup_py']
[0.350s] Level 1:colcon.colcon_core.package_identification:_identify(runs/detect/train) by extension 'python_setup_py'
[0.350s] Level 1:colcon.colcon_core.package_identification:_identify(runs/detect/train/weights) by extensions ['ignore', 'ignore_ament_install']
[0.350s] Level 1:colcon.colcon_core.package_identification:_identify(runs/detect/train/weights) by extension 'ignore'
[0.351s] Level 1:colcon.colcon_core.package_identification:_identify(runs/detect/train/weights) by extension 'ignore_ament_install'
[0.351s] Level 1:colcon.colcon_core.package_identification:_identify(runs/detect/train/weights) by extensions ['colcon_pkg']
[0.351s] Level 1:colcon.colcon_core.package_identification:_identify(runs/detect/train/weights) by extension 'colcon_pkg'
[0.351s] Level 1:colcon.colcon_core.package_identification:_identify(runs/detect/train/weights) by extensions ['colcon_meta']
[0.351s] Level 1:colcon.colcon_core.package_identification:_identify(runs/detect/train/weights) by extension 'colcon_meta'
[0.351s] Level 1:colcon.colcon_core.package_identification:_identify(runs/detect/train/weights) by extensions ['ros']
[0.351s] Level 1:colcon.colcon_core.package_identification:_identify(runs/detect/train/weights) by extension 'ros'
[0.351s] Level 1:colcon.colcon_core.package_identification:_identify(runs/detect/train/weights) by extensions ['cmake', 'python']
[0.351s] Level 1:colcon.colcon_core.package_identification:_identify(runs/detect/train/weights) by extension 'cmake'
[0.351s] Level 1:colcon.colcon_core.package_identification:_identify(runs/detect/train/weights) by extension 'python'
[0.351s] Level 1:colcon.colcon_core.package_identification:_identify(runs/detect/train/weights) by extensions ['python_setup_py']
[0.351s] Level 1:colcon.colcon_core.package_identification:_identify(runs/detect/train/weights) by extension 'python_setup_py'
[0.351s] Level 1:colcon.colcon_core.package_identification:_identify(runs/detect/train2) by extensions ['ignore', 'ignore_ament_install']
[0.351s] Level 1:colcon.colcon_core.package_identification:_identify(runs/detect/train2) by extension 'ignore'
[0.351s] Level 1:colcon.colcon_core.package_identification:_identify(runs/detect/train2) by extension 'ignore_ament_install'
[0.351s] Level 1:colcon.colcon_core.package_identification:_identify(runs/detect/train2) by extensions ['colcon_pkg']
[0.351s] Level 1:colcon.colcon_core.package_identification:_identify(runs/detect/train2) by extension 'colcon_pkg'
[0.351s] Level 1:colcon.colcon_core.package_identification:_identify(runs/detect/train2) by extensions ['colcon_meta']
[0.351s] Level 1:colcon.colcon_core.package_identification:_identify(runs/detect/train2) by extension 'colcon_meta'
[0.351s] Level 1:colcon.colcon_core.package_identification:_identify(runs/detect/train2) by extensions ['ros']
[0.351s] Level 1:colcon.colcon_core.package_identification:_identify(runs/detect/train2) by extension 'ros'
[0.351s] Level 1:colcon.colcon_core.package_identification:_identify(runs/detect/train2) by extensions ['cmake', 'python']
[0.351s] Level 1:colcon.colcon_core.package_identification:_identify(runs/detect/train2) by extension 'cmake'
[0.351s] Level 1:colcon.colcon_core.package_identification:_identify(runs/detect/train2) by extension 'python'
[0.351s] Level 1:colcon.colcon_core.package_identification:_identify(runs/detect/train2) by extensions ['python_setup_py']
[0.352s] Level 1:colcon.colcon_core.package_identification:_identify(runs/detect/train2) by extension 'python_setup_py'
[0.352s] Level 1:colcon.colcon_core.package_identification:_identify(runs/detect/train2/weights) by extensions ['ignore', 'ignore_ament_install']
[0.352s] Level 1:colcon.colcon_core.package_identification:_identify(runs/detect/train2/weights) by extension 'ignore'
[0.352s] Level 1:colcon.colcon_core.package_identification:_identify(runs/detect/train2/weights) by extension 'ignore_ament_install'
[0.352s] Level 1:colcon.colcon_core.package_identification:_identify(runs/detect/train2/weights) by extensions ['colcon_pkg']
[0.352s] Level 1:colcon.colcon_core.package_identification:_identify(runs/detect/train2/weights) by extension 'colcon_pkg'
[0.352s] Level 1:colcon.colcon_core.package_identification:_identify(runs/detect/train2/weights) by extensions ['colcon_meta']
[0.352s] Level 1:colcon.colcon_core.package_identification:_identify(runs/detect/train2/weights) by extension 'colcon_meta'
[0.352s] Level 1:colcon.colcon_core.package_identification:_identify(runs/detect/train2/weights) by extensions ['ros']
[0.352s] Level 1:colcon.colcon_core.package_identification:_identify(runs/detect/train2/weights) by extension 'ros'
[0.352s] Level 1:colcon.colcon_core.package_identification:_identify(runs/detect/train2/weights) by extensions ['cmake', 'python']
[0.352s] Level 1:colcon.colcon_core.package_identification:_identify(runs/detect/train2/weights) by extension 'cmake'
[0.352s] Level 1:colcon.colcon_core.package_identification:_identify(runs/detect/train2/weights) by extension 'python'
[0.352s] Level 1:colcon.colcon_core.package_identification:_identify(runs/detect/train2/weights) by extensions ['python_setup_py']
[0.352s] Level 1:colcon.colcon_core.package_identification:_identify(runs/detect/train2/weights) by extension 'python_setup_py'
[0.352s] Level 1:colcon.colcon_core.package_identification:_identify(src) by extensions ['ignore', 'ignore_ament_install']
[0.352s] Level 1:colcon.colcon_core.package_identification:_identify(src) by extension 'ignore'
[0.352s] Level 1:colcon.colcon_core.package_identification:_identify(src) by extension 'ignore_ament_install'
[0.352s] Level 1:colcon.colcon_core.package_identification:_identify(src) by extensions ['colcon_pkg']
[0.352s] Level 1:colcon.colcon_core.package_identification:_identify(src) by extension 'colcon_pkg'
[0.352s] Level 1:colcon.colcon_core.package_identification:_identify(src) by extensions ['colcon_meta']
[0.352s] Level 1:colcon.colcon_core.package_identification:_identify(src) by extension 'colcon_meta'
[0.352s] Level 1:colcon.colcon_core.package_identification:_identify(src) by extensions ['ros']
[0.352s] Level 1:colcon.colcon_core.package_identification:_identify(src) by extension 'ros'
[0.353s] Level 1:colcon.colcon_core.package_identification:_identify(src) by extensions ['cmake', 'python']
[0.353s] Level 1:colcon.colcon_core.package_identification:_identify(src) by extension 'cmake'
[0.353s] Level 1:colcon.colcon_core.package_identification:_identify(src) by extension 'python'
[0.353s] Level 1:colcon.colcon_core.package_identification:_identify(src) by extensions ['python_setup_py']
[0.353s] Level 1:colcon.colcon_core.package_identification:_identify(src) by extension 'python_setup_py'
[0.353s] Level 1:colcon.colcon_core.package_identification:_identify(src/build) by extensions ['ignore', 'ignore_ament_install']
[0.353s] Level 1:colcon.colcon_core.package_identification:_identify(src/build) by extension 'ignore'
[0.353s] Level 1:colcon.colcon_core.package_identification:_identify(src/build) ignored
[0.353s] Level 1:colcon.colcon_core.package_identification:_identify(src/install) by extensions ['ignore', 'ignore_ament_install']
[0.353s] Level 1:colcon.colcon_core.package_identification:_identify(src/install) by extension 'ignore'
[0.353s] Level 1:colcon.colcon_core.package_identification:_identify(src/install) ignored
[0.353s] Level 1:colcon.colcon_core.package_identification:_identify(src/log) by extensions ['ignore', 'ignore_ament_install']
[0.353s] Level 1:colcon.colcon_core.package_identification:_identify(src/log) by extension 'ignore'
[0.353s] Level 1:colcon.colcon_core.package_identification:_identify(src/log) ignored
[0.353s] Level 1:colcon.colcon_core.package_identification:_identify(src/rock_detection) by extensions ['ignore', 'ignore_ament_install']
[0.353s] Level 1:colcon.colcon_core.package_identification:_identify(src/rock_detection) by extension 'ignore'
[0.353s] Level 1:colcon.colcon_core.package_identification:_identify(src/rock_detection) by extension 'ignore_ament_install'
[0.353s] Level 1:colcon.colcon_core.package_identification:_identify(src/rock_detection) by extensions ['colcon_pkg']
[0.353s] Level 1:colcon.colcon_core.package_identification:_identify(src/rock_detection) by extension 'colcon_pkg'
[0.353s] Level 1:colcon.colcon_core.package_identification:_identify(src/rock_detection) by extensions ['colcon_meta']
[0.353s] Level 1:colcon.colcon_core.package_identification:_identify(src/rock_detection) by extension 'colcon_meta'
[0.353s] Level 1:colcon.colcon_core.package_identification:_identify(src/rock_detection) by extensions ['ros']
[0.353s] Level 1:colcon.colcon_core.package_identification:_identify(src/rock_detection) by extension 'ros'
[0.356s] DEBUG:colcon.colcon_core.package_identification:Package 'src/rock_detection' with type 'ros.ament_python' and name 'rock_detection'
[0.356s] Level 1:colcon.colcon_core.package_identification:_identify(src/rock_detector) by extensions ['ignore', 'ignore_ament_install']
[0.356s] Level 1:colcon.colcon_core.package_identification:_identify(src/rock_detector) by extension 'ignore'
[0.356s] Level 1:colcon.colcon_core.package_identification:_identify(src/rock_detector) by extension 'ignore_ament_install'
[0.356s] Level 1:colcon.colcon_core.package_identification:_identify(src/rock_detector) by extensions ['colcon_pkg']
[0.356s] Level 1:colcon.colcon_core.package_identification:_identify(src/rock_detector) by extension 'colcon_pkg'
[0.356s] Level 1:colcon.colcon_core.package_identification:_identify(src/rock_detector) by extensions ['colcon_meta']
[0.356s] Level 1:colcon.colcon_core.package_identification:_identify(src/rock_detector) by extension 'colcon_meta'
[0.356s] Level 1:colcon.colcon_core.package_identification:_identify(src/rock_detector) by extensions ['ros']
[0.356s] Level 1:colcon.colcon_core.package_identification:_identify(src/rock_detector) by extension 'ros'
[0.357s] DEBUG:colcon.colcon_core.package_identification:Package 'src/rock_detector' with type 'ros.ament_python' and name 'rock_detector'
[0.357s] Level 1:colcon.colcon_core.package_discovery:discover_packages(recursive) using defaults
[0.357s] Level 1:colcon.colcon_core.package_discovery:discover_packages(ignore) discover
[0.357s] Level 1:colcon.colcon_core.package_discovery:discover_packages(ignore) using defaults
[0.357s] Level 1:colcon.colcon_core.package_discovery:discover_packages(path) discover
[0.357s] Level 1:colcon.colcon_core.package_discovery:discover_packages(path) using defaults
[0.395s] Level 1:colcon.colcon_core.package_discovery:discover_packages(prefix_path) check parameters
[0.395s] Level 1:colcon.colcon_core.package_discovery:discover_packages(prefix_path) discover
[0.397s] DEBUG:colcon.colcon_installed_package_information.package_discovery:Found 2 installed packages in /home/roopi66/ros2_ws/install
[0.398s] DEBUG:colcon.colcon_installed_package_information.package_discovery:Found 272 installed packages in /opt/ros/humble
[0.399s] Level 1:colcon.colcon_core.package_discovery:discover_packages(prefix_path) using defaults
[0.431s] Level 5:colcon.colcon_core.verb:set package 'rock_detection' build argument 'cmake_args' from command line to 'None'
[0.432s] Level 5:colcon.colcon_core.verb:set package 'rock_detection' build argument 'cmake_target' from command line to 'None'
[0.432s] Level 5:colcon.colcon_core.verb:set package 'rock_detection' build argument 'cmake_target_skip_unavailable' from command line to 'False'
[0.432s] Level 5:colcon.colcon_core.verb:set package 'rock_detection' build argument 'cmake_clean_cache' from command line to 'False'
[0.432s] Level 5:colcon.colcon_core.verb:set package 'rock_detection' build argument 'cmake_clean_first' from command line to 'False'
[0.432s] Level 5:colcon.colcon_core.verb:set package 'rock_detection' build argument 'cmake_force_configure' from command line to 'False'
[0.432s] Level 5:colcon.colcon_core.verb:set package 'rock_detection' build argument 'ament_cmake_args' from command line to 'None'
[0.432s] Level 5:colcon.colcon_core.verb:set package 'rock_detection' build argument 'catkin_cmake_args' from command line to 'None'
[0.432s] Level 5:colcon.colcon_core.verb:set package 'rock_detection' build argument 'catkin_skip_building_tests' from command line to 'False'
[0.432s] DEBUG:colcon.colcon_core.verb:Building package 'rock_detection' with the following arguments: {'ament_cmake_args': None, 'build_base': '/home/roopi66/ros2_ws/build/rock_detection', 'catkin_cmake_args': None, 'catkin_skip_building_tests': False, 'cmake_args': None, 'cmake_clean_cache': False, 'cmake_clean_first': False, 'cmake_force_configure': False, 'cmake_target': None, 'cmake_target_skip_unavailable': False, 'install_base': '/home/roopi66/ros2_ws/install/rock_detection', 'merge_install': False, 'path': '/home/roopi66/ros2_ws/src/rock_detection', 'symlink_install': True, 'test_result_base': None}
[0.432s] Level 5:colcon.colcon_core.verb:set package 'rock_detector' build argument 'cmake_args' from command line to 'None'
[0.432s] Level 5:colcon.colcon_core.verb:set package 'rock_detector' build argument 'cmake_target' from command line to 'None'
[0.432s] Level 5:colcon.colcon_core.verb:set package 'rock_detector' build argument 'cmake_target_skip_unavailable' from command line to 'False'
[0.432s] Level 5:colcon.colcon_core.verb:set package 'rock_detector' build argument 'cmake_clean_cache' from command line to 'False'
[0.432s] Level 5:colcon.colcon_core.verb:set package 'rock_detector' build argument 'cmake_clean_first' from command line to 'False'
[0.432s] Level 5:colcon.colcon_core.verb:set package 'rock_detector' build argument 'cmake_force_configure' from command line to 'False'
[0.432s] Level 5:colcon.colcon_core.verb:set package 'rock_detector' build argument 'ament_cmake_args' from command line to 'None'
[0.432s] Level 5:colcon.colcon_core.verb:set package 'rock_detector' build argument 'catkin_cmake_args' from command line to 'None'
[0.432s] Level 5:colcon.colcon_core.verb:set package 'rock_detector' build argument 'catkin_skip_building_tests' from command line to 'False'
[0.432s] DEBUG:colcon.colcon_core.verb:Building package 'rock_detector' with the following arguments: {'ament_cmake_args': None, 'build_base': '/home/roopi66/ros2_ws/build/rock_detector', 'catkin_cmake_args': None, 'catkin_skip_building_tests': False, 'cmake_args': None, 'cmake_clean_cache': False, 'cmake_clean_first': False, 'cmake_force_configure': False, 'cmake_target': None, 'cmake_target_skip_unavailable': False, 'install_base': '/home/roopi66/ros2_ws/install/rock_detector', 'merge_install': False, 'path': '/home/roopi66/ros2_ws/src/rock_detector', 'symlink_install': True, 'test_result_base': None}
[0.432s] INFO:colcon.colcon_core.executor:Executing jobs using 'parallel' executor
[0.434s] DEBUG:colcon.colcon_parallel_executor.executor.parallel:run_until_complete
[0.434s] INFO:colcon.colcon_ros.task.ament_python.build:Building ROS package in '/home/roopi66/ros2_ws/src/rock_detection' with build type 'ament_python'
[0.434s] Level 1:colcon.colcon_core.shell:create_environment_hook('rock_detection', 'ament_prefix_path')
[0.438s] INFO:colcon.colcon_core.plugin_system:Skipping extension 'colcon_core.shell.bat': Not used on non-Windows systems
[0.438s] INFO:colcon.colcon_core.shell:Creating environment hook '/home/roopi66/ros2_ws/install/rock_detection/share/rock_detection/hook/ament_prefix_path.ps1'
[0.439s] INFO:colcon.colcon_core.shell:Creating environment descriptor '/home/roopi66/ros2_ws/install/rock_detection/share/rock_detection/hook/ament_prefix_path.dsv'
[0.439s] INFO:colcon.colcon_core.shell:Creating environment hook '/home/roopi66/ros2_ws/install/rock_detection/share/rock_detection/hook/ament_prefix_path.sh'
[0.440s] INFO:colcon.colcon_core.shell:Skip shell extension 'powershell' for command environment: Not usable outside of PowerShell
[0.440s] DEBUG:colcon.colcon_core.shell:Skip shell extension 'dsv' for command environment
[0.444s] INFO:colcon.colcon_ros.task.ament_python.build:Building ROS package in '/home/roopi66/ros2_ws/src/rock_detector' with build type 'ament_python'
[0.445s] Level 1:colcon.colcon_core.shell:create_environment_hook('rock_detector', 'ament_prefix_path')
[0.445s] INFO:colcon.colcon_core.shell:Creating environment hook '/home/roopi66/ros2_ws/install/rock_detector/share/rock_detector/hook/ament_prefix_path.ps1'
[0.446s] INFO:colcon.colcon_core.shell:Creating environment descriptor '/home/roopi66/ros2_ws/install/rock_detector/share/rock_detector/hook/ament_prefix_path.dsv'
[0.447s] INFO:colcon.colcon_core.shell:Creating environment hook '/home/roopi66/ros2_ws/install/rock_detector/share/rock_detector/hook/ament_prefix_path.sh'
[0.448s] INFO:colcon.colcon_core.shell:Skip shell extension 'powershell' for command environment: Not usable outside of PowerShell
[0.448s] DEBUG:colcon.colcon_core.shell:Skip shell extension 'dsv' for command environment
[0.703s] INFO:colcon.colcon_core.task.python.build:Building Python package in '/home/roopi66/ros2_ws/src/rock_detection'
[0.703s] INFO:colcon.colcon_core.shell:Skip shell extension 'powershell' for command environment: Not usable outside of PowerShell
[0.703s] DEBUG:colcon.colcon_core.shell:Skip shell extension 'dsv' for command environment
[0.958s] INFO:colcon.colcon_core.task.python.build:Building Python package in '/home/roopi66/ros2_ws/src/rock_detector'
[0.958s] INFO:colcon.colcon_core.shell:Skip shell extension 'powershell' for command environment: Not usable outside of PowerShell
[0.958s] DEBUG:colcon.colcon_core.shell:Skip shell extension 'dsv' for command environment
[1.391s] DEBUG:colcon.colcon_core.event_handler.log_command:Invoking command in '/home/roopi66/ros2_ws/build/rock_detector': PYTHONPATH=/home/roopi66/ros2_ws/build/rock_detector/prefix_override:/usr/lib/python3/dist-packages/colcon_core/task/python/colcon_distutils_commands:/home/roopi66/ros2_ws/install/rock_detector/lib/python3.10/site-packages:${PYTHONPATH} /usr/bin/python3 -W ignore:setup.py install is deprecated -W ignore:easy_install command is deprecated setup.py develop --editable --build-directory /home/roopi66/ros2_ws/build/rock_detector/build --no-deps symlink_data
[1.396s] DEBUG:colcon.colcon_core.event_handler.log_command:Invoking command in '/home/roopi66/ros2_ws/build/rock_detection': PYTHONPATH=/home/roopi66/ros2_ws/build/rock_detection/prefix_override:/usr/lib/python3/dist-packages/colcon_core/task/python/colcon_distutils_commands:/home/roopi66/ros2_ws/install/rock_detection/lib/python3.10/site-packages:${PYTHONPATH} /usr/bin/python3 -W ignore:setup.py install is deprecated -W ignore:easy_install command is deprecated setup.py develop --editable --build-directory /home/roopi66/ros2_ws/build/rock_detection/build --no-deps symlink_data
[1.927s] Level 1:colcon.colcon_core.shell:create_environment_hook('rock_detector', 'pythonpath_develop')
[1.928s] INFO:colcon.colcon_core.shell:Creating environment hook '/home/roopi66/ros2_ws/build/rock_detector/share/rock_detector/hook/pythonpath_develop.ps1'
[1.928s] DEBUG:colcon.colcon_core.event_handler.log_command:Invoked command in '/home/roopi66/ros2_ws/build/rock_detector' returned '0': PYTHONPATH=/home/roopi66/ros2_ws/build/rock_detector/prefix_override:/usr/lib/python3/dist-packages/colcon_core/task/python/colcon_distutils_commands:/home/roopi66/ros2_ws/install/rock_detector/lib/python3.10/site-packages:${PYTHONPATH} /usr/bin/python3 -W ignore:setup.py install is deprecated -W ignore:easy_install command is deprecated setup.py develop --editable --build-directory /home/roopi66/ros2_ws/build/rock_detector/build --no-deps symlink_data
[1.929s] INFO:colcon.colcon_core.shell:Creating environment descriptor '/home/roopi66/ros2_ws/build/rock_detector/share/rock_detector/hook/pythonpath_develop.dsv'
[1.930s] INFO:colcon.colcon_core.shell:Creating environment hook '/home/roopi66/ros2_ws/build/rock_detector/share/rock_detector/hook/pythonpath_develop.sh'
[1.932s] Level 1:colcon.colcon_core.environment:checking '/home/roopi66/ros2_ws/install/rock_detector' for CMake module files
[1.933s] Level 1:colcon.colcon_core.environment:checking '/home/roopi66/ros2_ws/install/rock_detector' for CMake config files
[1.934s] Level 1:colcon.colcon_core.environment:checking '/home/roopi66/ros2_ws/install/rock_detector/lib'
[1.934s] Level 1:colcon.colcon_core.environment:checking '/home/roopi66/ros2_ws/install/rock_detector/bin'
[1.934s] Level 1:colcon.colcon_core.environment:checking '/home/roopi66/ros2_ws/install/rock_detector/lib/pkgconfig/rock_detector.pc'
[1.934s] Level 1:colcon.colcon_core.environment:checking '/home/roopi66/ros2_ws/install/rock_detector/lib/python3.10/site-packages'
[1.934s] Level 1:colcon.colcon_core.shell:create_environment_hook('rock_detector', 'pythonpath')
[1.935s] INFO:colcon.colcon_core.shell:Creating environment hook '/home/roopi66/ros2_ws/install/rock_detector/share/rock_detector/hook/pythonpath.ps1'
[1.935s] INFO:colcon.colcon_core.shell:Creating environment descriptor '/home/roopi66/ros2_ws/install/rock_detector/share/rock_detector/hook/pythonpath.dsv'
[1.935s] INFO:colcon.colcon_core.shell:Creating environment hook '/home/roopi66/ros2_ws/install/rock_detector/share/rock_detector/hook/pythonpath.sh'
[1.936s] Level 1:colcon.colcon_core.environment:checking '/home/roopi66/ros2_ws/install/rock_detector/bin'
[1.936s] Level 1:colcon.colcon_core.environment:create_environment_scripts_only(rock_detector)
[1.936s] INFO:colcon.colcon_core.shell:Creating package script '/home/roopi66/ros2_ws/install/rock_detector/share/rock_detector/package.ps1'
[1.937s] INFO:colcon.colcon_core.shell:Creating package descriptor '/home/roopi66/ros2_ws/install/rock_detector/share/rock_detector/package.dsv'
[1.938s] INFO:colcon.colcon_core.shell:Creating package script '/home/roopi66/ros2_ws/install/rock_detector/share/rock_detector/package.sh'
[1.938s] INFO:colcon.colcon_core.shell:Creating package script '/home/roopi66/ros2_ws/install/rock_detector/share/rock_detector/package.bash'
[1.939s] INFO:colcon.colcon_core.shell:Creating package script '/home/roopi66/ros2_ws/install/rock_detector/share/rock_detector/package.zsh'
[1.940s] Level 1:colcon.colcon_core.environment:create_file_with_runtime_dependencies(/home/roopi66/ros2_ws/install/rock_detector/share/colcon-core/packages/rock_detector)
[1.943s] Level 1:colcon.colcon_core.shell:create_environment_hook('rock_detection', 'pythonpath_develop')
[1.943s] INFO:colcon.colcon_core.shell:Creating environment hook '/home/roopi66/ros2_ws/build/rock_detection/share/rock_detection/hook/pythonpath_develop.ps1'
[1.944s] DEBUG:colcon.colcon_core.event_handler.log_command:Invoked command in '/home/roopi66/ros2_ws/build/rock_detection' returned '0': PYTHONPATH=/home/roopi66/ros2_ws/build/rock_detection/prefix_override:/usr/lib/python3/dist-packages/colcon_core/task/python/colcon_distutils_commands:/home/roopi66/ros2_ws/install/rock_detection/lib/python3.10/site-packages:${PYTHONPATH} /usr/bin/python3 -W ignore:setup.py install is deprecated -W ignore:easy_install command is deprecated setup.py develop --editable --build-directory /home/roopi66/ros2_ws/build/rock_detection/build --no-deps symlink_data
[1.945s] INFO:colcon.colcon_core.shell:Creating environment descriptor '/home/roopi66/ros2_ws/build/rock_detection/share/rock_detection/hook/pythonpath_develop.dsv'
[1.945s] INFO:colcon.colcon_core.shell:Creating environment hook '/home/roopi66/ros2_ws/build/rock_detection/share/rock_detection/hook/pythonpath_develop.sh'
[1.946s] Level 1:colcon.colcon_core.environment:checking '/home/roopi66/ros2_ws/install/rock_detection' for CMake module files
[1.946s] Level 1:colcon.colcon_core.environment:checking '/home/roopi66/ros2_ws/install/rock_detection' for CMake config files
[1.947s] Level 1:colcon.colcon_core.environment:checking '/home/roopi66/ros2_ws/install/rock_detection/lib'
[1.947s] Level 1:colcon.colcon_core.environment:checking '/home/roopi66/ros2_ws/install/rock_detection/bin'
[1.947s] Level 1:colcon.colcon_core.environment:checking '/home/roopi66/ros2_ws/install/rock_detection/lib/pkgconfig/rock_detection.pc'
[1.947s] Level 1:colcon.colcon_core.environment:checking '/home/roopi66/ros2_ws/install/rock_detection/lib/python3.10/site-packages'
[1.947s] Level 1:colcon.colcon_core.shell:create_environment_hook('rock_detection', 'pythonpath')
[1.947s] INFO:colcon.colcon_core.shell:Creating environment hook '/home/roopi66/ros2_ws/install/rock_detection/share/rock_detection/hook/pythonpath.ps1'
[1.948s] INFO:colcon.colcon_core.shell:Creating environment descriptor '/home/roopi66/ros2_ws/install/rock_detection/share/rock_detection/hook/pythonpath.dsv'
[1.948s] INFO:colcon.colcon_core.shell:Creating environment hook '/home/roopi66/ros2_ws/install/rock_detection/share/rock_detection/hook/pythonpath.sh'
[1.949s] Level 1:colcon.colcon_core.environment:checking '/home/roopi66/ros2_ws/install/rock_detection/bin'
[1.949s] Level 1:colcon.colcon_core.environment:create_environment_scripts_only(rock_detection)
[1.949s] INFO:colcon.colcon_core.shell:Creating package script '/home/roopi66/ros2_ws/install/rock_detection/share/rock_detection/package.ps1'
[1.950s] INFO:colcon.colcon_core.shell:Creating package descriptor '/home/roopi66/ros2_ws/install/rock_detection/share/rock_detection/package.dsv'
[1.951s] INFO:colcon.colcon_core.shell:Creating package script '/home/roopi66/ros2_ws/install/rock_detection/share/rock_detection/package.sh'
[1.951s] INFO:colcon.colcon_core.shell:Creating package script '/home/roopi66/ros2_ws/install/rock_detection/share/rock_detection/package.bash'
[1.951s] INFO:colcon.colcon_core.shell:Creating package script '/home/roopi66/ros2_ws/install/rock_detection/share/rock_detection/package.zsh'
[1.952s] Level 1:colcon.colcon_core.environment:create_file_with_runtime_dependencies(/home/roopi66/ros2_ws/install/rock_detection/share/colcon-core/packages/rock_detection)
[1.952s] DEBUG:colcon.colcon_parallel_executor.executor.parallel:closing loop
[1.953s] DEBUG:colcon.colcon_parallel_executor.executor.parallel:loop closed
[1.953s] DEBUG:colcon.colcon_parallel_executor.executor.parallel:run_until_complete finished with '0'
[1.953s] DEBUG:colcon.colcon_core.event_reactor:joining thread
[1.988s] INFO:colcon.colcon_core.plugin_system:Skipping extension 'colcon_notification.desktop_notification.notify_send': Could not find 'notify-send'
[1.988s] INFO:colcon.colcon_core.plugin_system:Skipping extension 'colcon_notification.desktop_notification.terminal_notifier': Not used on non-Darwin systems
[1.989s] INFO:colcon.colcon_core.plugin_system:Skipping extension 'colcon_notification.desktop_notification.win32': Not used on non-Windows systems
[1.989s] INFO:colcon.colcon_notification.desktop_notification:Sending desktop notification using 'notify2'
[1.990s] DEBUG:colcon.colcon_notification.desktop_notification.notify2:Failed to initialize notify2: org.freedesktop.DBus.Error.ServiceUnknown: The name org.freedesktop.Notifications was not provided by any .service files
[1.990s] DEBUG:colcon.colcon_core.event_reactor:joined thread
[1.991s] INFO:colcon.colcon_core.shell:Creating prefix script '/home/roopi66/ros2_ws/install/local_setup.ps1'
[1.992s] INFO:colcon.colcon_core.shell:Creating prefix util module '/home/roopi66/ros2_ws/install/_local_setup_util_ps1.py'
[1.993s] INFO:colcon.colcon_core.shell:Creating prefix chain script '/home/roopi66/ros2_ws/install/setup.ps1'
[1.995s] INFO:colcon.colcon_core.shell:Creating prefix script '/home/roopi66/ros2_ws/install/local_setup.sh'
[1.996s] INFO:colcon.colcon_core.shell:Creating prefix util module '/home/roopi66/ros2_ws/install/_local_setup_util_sh.py'
[1.996s] INFO:colcon.colcon_core.shell:Creating prefix chain script '/home/roopi66/ros2_ws/install/setup.sh'
[1.998s] INFO:colcon.colcon_core.shell:Creating prefix script '/home/roopi66/ros2_ws/install/local_setup.bash'
[1.998s] INFO:colcon.colcon_core.shell:Creating prefix chain script '/home/roopi66/ros2_ws/install/setup.bash'
[1.999s] INFO:colcon.colcon_core.shell:Creating prefix script '/home/roopi66/ros2_ws/install/local_setup.zsh'
[2.000s] INFO:colcon.colcon_core.shell:Creating prefix chain script '/home/roopi66/ros2_ws/install/setup.zsh'
