[0.305s] DEBUG:colcon:Command line arguments: ['/usr/bin/colcon', 'build', '--symlink-install']
[0.305s] DEBUG:colcon:Parsed command line arguments: Namespace(log_base=None, log_level=None, verb_name='build', build_base='build', install_base='install', merge_install=False, symlink_install=True, test_result_base=None, continue_on_error=False, executor='parallel', parallel_workers=8, event_handlers=None, ignore_user_meta=False, metas=['./colcon.meta'], base_paths=['.'], packages_ignore=None, packages_ignore_regex=None, paths=None, packages_up_to=None, packages_up_to_regex=None, packages_above=None, packages_above_and_dependencies=None, packages_above_depth=None, packages_select_by_dep=None, packages_skip_by_dep=None, packages_skip_up_to=None, packages_select_build_failed=False, packages_skip_build_finished=False, packages_select_test_failures=False, packages_skip_test_passed=False, packages_select=None, packages_skip=None, packages_select_regex=None, packages_skip_regex=None, packages_start=None, packages_end=None, allow_overriding=[], cmake_args=None, cmake_target=None, cmake_target_skip_unavailable=False, cmake_clean_cache=False, cmake_clean_first=False, cmake_force_configure=False, ament_cmake_args=None, catkin_cmake_args=None, catkin_skip_building_tests=False, mixin_files=None, mixin=None, verb_parser=<colcon_mixin.mixin.mixin_argument.MixinArgumentDecorator object at 0x7fa6d1e8f040>, verb_extension=<colcon_core.verb.build.BuildVerb object at 0x7fa6d1f83f40>, main=<bound method BuildVerb.main of <colcon_core.verb.build.BuildVerb object at 0x7fa6d1f83f40>>, mixin_verb=('build',))
[0.680s] Level 1:colcon.colcon_core.package_discovery:discover_packages(colcon_meta) check parameters
[0.680s] Level 1:colcon.colcon_core.package_discovery:discover_packages(recursive) check parameters
[0.680s] Level 1:colcon.colcon_core.package_discovery:discover_packages(ignore) check parameters
[0.680s] Level 1:colcon.colcon_core.package_discovery:discover_packages(path) check parameters
[0.680s] Level 1:colcon.colcon_core.package_discovery:discover_packages(colcon_meta) discover
[0.680s] Level 1:colcon.colcon_core.package_discovery:discover_packages(recursive) discover
[0.680s] INFO:colcon.colcon_core.package_discovery:Crawling recursively for packages in '/home/roopi66/ros2_ws'
[0.680s] Level 1:colcon.colcon_core.package_identification:_identify(.) by extensions ['ignore', 'ignore_ament_install']
[0.680s] Level 1:colcon.colcon_core.package_identification:_identify(.) by extension 'ignore'
[0.680s] Level 1:colcon.colcon_core.package_identification:_identify(.) by extension 'ignore_ament_install'
[0.680s] Level 1:colcon.colcon_core.package_identification:_identify(.) by extensions ['colcon_pkg']
[0.680s] Level 1:colcon.colcon_core.package_identification:_identify(.) by extension 'colcon_pkg'
[0.680s] Level 1:colcon.colcon_core.package_identification:_identify(.) by extensions ['colcon_meta']
[0.680s] Level 1:colcon.colcon_core.package_identification:_identify(.) by extension 'colcon_meta'
[0.680s] Level 1:colcon.colcon_core.package_identification:_identify(.) by extensions ['ros']
[0.680s] Level 1:colcon.colcon_core.package_identification:_identify(.) by extension 'ros'
[0.696s] Level 1:colcon.colcon_core.package_identification:_identify(.) by extensions ['cmake', 'python']
[0.696s] Level 1:colcon.colcon_core.package_identification:_identify(.) by extension 'cmake'
[0.697s] Level 1:colcon.colcon_core.package_identification:_identify(.) by extension 'python'
[0.697s] Level 1:colcon.colcon_core.package_identification:_identify(.) by extensions ['python_setup_py']
[0.697s] Level 1:colcon.colcon_core.package_identification:_identify(.) by extension 'python_setup_py'
[0.697s] Level 1:colcon.colcon_core.package_identification:_identify(build) by extensions ['ignore', 'ignore_ament_install']
[0.697s] Level 1:colcon.colcon_core.package_identification:_identify(build) by extension 'ignore'
[0.697s] Level 1:colcon.colcon_core.package_identification:_identify(build) ignored
[0.697s] Level 1:colcon.colcon_core.package_identification:_identify(install) by extensions ['ignore', 'ignore_ament_install']
[0.697s] Level 1:colcon.colcon_core.package_identification:_identify(install) by extension 'ignore'
[0.697s] Level 1:colcon.colcon_core.package_identification:_identify(install) ignored
[0.697s] Level 1:colcon.colcon_core.package_identification:_identify(log) by extensions ['ignore', 'ignore_ament_install']
[0.697s] Level 1:colcon.colcon_core.package_identification:_identify(log) by extension 'ignore'
[0.697s] Level 1:colcon.colcon_core.package_identification:_identify(log) ignored
[0.698s] Level 1:colcon.colcon_core.package_identification:_identify(runs) by extensions ['ignore', 'ignore_ament_install']
[0.698s] Level 1:colcon.colcon_core.package_identification:_identify(runs) by extension 'ignore'
[0.698s] Level 1:colcon.colcon_core.package_identification:_identify(runs) by extension 'ignore_ament_install'
[0.698s] Level 1:colcon.colcon_core.package_identification:_identify(runs) by extensions ['colcon_pkg']
[0.698s] Level 1:colcon.colcon_core.package_identification:_identify(runs) by extension 'colcon_pkg'
[0.698s] Level 1:colcon.colcon_core.package_identification:_identify(runs) by extensions ['colcon_meta']
[0.698s] Level 1:colcon.colcon_core.package_identification:_identify(runs) by extension 'colcon_meta'
[0.699s] Level 1:colcon.colcon_core.package_identification:_identify(runs) by extensions ['ros']
[0.699s] Level 1:colcon.colcon_core.package_identification:_identify(runs) by extension 'ros'
[0.699s] Level 1:colcon.colcon_core.package_identification:_identify(runs) by extensions ['cmake', 'python']
[0.699s] Level 1:colcon.colcon_core.package_identification:_identify(runs) by extension 'cmake'
[0.699s] Level 1:colcon.colcon_core.package_identification:_identify(runs) by extension 'python'
[0.699s] Level 1:colcon.colcon_core.package_identification:_identify(runs) by extensions ['python_setup_py']
[0.699s] Level 1:colcon.colcon_core.package_identification:_identify(runs) by extension 'python_setup_py'
[0.699s] Level 1:colcon.colcon_core.package_identification:_identify(runs/detect) by extensions ['ignore', 'ignore_ament_install']
[0.699s] Level 1:colcon.colcon_core.package_identification:_identify(runs/detect) by extension 'ignore'
[0.699s] Level 1:colcon.colcon_core.package_identification:_identify(runs/detect) by extension 'ignore_ament_install'
[0.699s] Level 1:colcon.colcon_core.package_identification:_identify(runs/detect) by extensions ['colcon_pkg']
[0.699s] Level 1:colcon.colcon_core.package_identification:_identify(runs/detect) by extension 'colcon_pkg'
[0.699s] Level 1:colcon.colcon_core.package_identification:_identify(runs/detect) by extensions ['colcon_meta']
[0.699s] Level 1:colcon.colcon_core.package_identification:_identify(runs/detect) by extension 'colcon_meta'
[0.700s] Level 1:colcon.colcon_core.package_identification:_identify(runs/detect) by extensions ['ros']
[0.700s] Level 1:colcon.colcon_core.package_identification:_identify(runs/detect) by extension 'ros'
[0.700s] Level 1:colcon.colcon_core.package_identification:_identify(runs/detect) by extensions ['cmake', 'python']
[0.700s] Level 1:colcon.colcon_core.package_identification:_identify(runs/detect) by extension 'cmake'
[0.700s] Level 1:colcon.colcon_core.package_identification:_identify(runs/detect) by extension 'python'
[0.700s] Level 1:colcon.colcon_core.package_identification:_identify(runs/detect) by extensions ['python_setup_py']
[0.700s] Level 1:colcon.colcon_core.package_identification:_identify(runs/detect) by extension 'python_setup_py'
[0.700s] Level 1:colcon.colcon_core.package_identification:_identify(runs/detect/train) by extensions ['ignore', 'ignore_ament_install']
[0.700s] Level 1:colcon.colcon_core.package_identification:_identify(runs/detect/train) by extension 'ignore'
[0.700s] Level 1:colcon.colcon_core.package_identification:_identify(runs/detect/train) by extension 'ignore_ament_install'
[0.700s] Level 1:colcon.colcon_core.package_identification:_identify(runs/detect/train) by extensions ['colcon_pkg']
[0.700s] Level 1:colcon.colcon_core.package_identification:_identify(runs/detect/train) by extension 'colcon_pkg'
[0.700s] Level 1:colcon.colcon_core.package_identification:_identify(runs/detect/train) by extensions ['colcon_meta']
[0.700s] Level 1:colcon.colcon_core.package_identification:_identify(runs/detect/train) by extension 'colcon_meta'
[0.701s] Level 1:colcon.colcon_core.package_identification:_identify(runs/detect/train) by extensions ['ros']
[0.701s] Level 1:colcon.colcon_core.package_identification:_identify(runs/detect/train) by extension 'ros'
[0.701s] Level 1:colcon.colcon_core.package_identification:_identify(runs/detect/train) by extensions ['cmake', 'python']
[0.701s] Level 1:colcon.colcon_core.package_identification:_identify(runs/detect/train) by extension 'cmake'
[0.701s] Level 1:colcon.colcon_core.package_identification:_identify(runs/detect/train) by extension 'python'
[0.701s] Level 1:colcon.colcon_core.package_identification:_identify(runs/detect/train) by extensions ['python_setup_py']
[0.701s] Level 1:colcon.colcon_core.package_identification:_identify(runs/detect/train) by extension 'python_setup_py'
[0.701s] Level 1:colcon.colcon_core.package_identification:_identify(runs/detect/train/weights) by extensions ['ignore', 'ignore_ament_install']
[0.701s] Level 1:colcon.colcon_core.package_identification:_identify(runs/detect/train/weights) by extension 'ignore'
[0.701s] Level 1:colcon.colcon_core.package_identification:_identify(runs/detect/train/weights) by extension 'ignore_ament_install'
[0.701s] Level 1:colcon.colcon_core.package_identification:_identify(runs/detect/train/weights) by extensions ['colcon_pkg']
[0.701s] Level 1:colcon.colcon_core.package_identification:_identify(runs/detect/train/weights) by extension 'colcon_pkg'
[0.702s] Level 1:colcon.colcon_core.package_identification:_identify(runs/detect/train/weights) by extensions ['colcon_meta']
[0.702s] Level 1:colcon.colcon_core.package_identification:_identify(runs/detect/train/weights) by extension 'colcon_meta'
[0.702s] Level 1:colcon.colcon_core.package_identification:_identify(runs/detect/train/weights) by extensions ['ros']
[0.702s] Level 1:colcon.colcon_core.package_identification:_identify(runs/detect/train/weights) by extension 'ros'
[0.702s] Level 1:colcon.colcon_core.package_identification:_identify(runs/detect/train/weights) by extensions ['cmake', 'python']
[0.702s] Level 1:colcon.colcon_core.package_identification:_identify(runs/detect/train/weights) by extension 'cmake'
[0.702s] Level 1:colcon.colcon_core.package_identification:_identify(runs/detect/train/weights) by extension 'python'
[0.702s] Level 1:colcon.colcon_core.package_identification:_identify(runs/detect/train/weights) by extensions ['python_setup_py']
[0.702s] Level 1:colcon.colcon_core.package_identification:_identify(runs/detect/train/weights) by extension 'python_setup_py'
[0.702s] Level 1:colcon.colcon_core.package_identification:_identify(runs/detect/train2) by extensions ['ignore', 'ignore_ament_install']
[0.702s] Level 1:colcon.colcon_core.package_identification:_identify(runs/detect/train2) by extension 'ignore'
[0.702s] Level 1:colcon.colcon_core.package_identification:_identify(runs/detect/train2) by extension 'ignore_ament_install'
[0.702s] Level 1:colcon.colcon_core.package_identification:_identify(runs/detect/train2) by extensions ['colcon_pkg']
[0.702s] Level 1:colcon.colcon_core.package_identification:_identify(runs/detect/train2) by extension 'colcon_pkg'
[0.702s] Level 1:colcon.colcon_core.package_identification:_identify(runs/detect/train2) by extensions ['colcon_meta']
[0.702s] Level 1:colcon.colcon_core.package_identification:_identify(runs/detect/train2) by extension 'colcon_meta'
[0.703s] Level 1:colcon.colcon_core.package_identification:_identify(runs/detect/train2) by extensions ['ros']
[0.703s] Level 1:colcon.colcon_core.package_identification:_identify(runs/detect/train2) by extension 'ros'
[0.703s] Level 1:colcon.colcon_core.package_identification:_identify(runs/detect/train2) by extensions ['cmake', 'python']
[0.703s] Level 1:colcon.colcon_core.package_identification:_identify(runs/detect/train2) by extension 'cmake'
[0.703s] Level 1:colcon.colcon_core.package_identification:_identify(runs/detect/train2) by extension 'python'
[0.703s] Level 1:colcon.colcon_core.package_identification:_identify(runs/detect/train2) by extensions ['python_setup_py']
[0.703s] Level 1:colcon.colcon_core.package_identification:_identify(runs/detect/train2) by extension 'python_setup_py'
[0.703s] Level 1:colcon.colcon_core.package_identification:_identify(runs/detect/train2/weights) by extensions ['ignore', 'ignore_ament_install']
[0.703s] Level 1:colcon.colcon_core.package_identification:_identify(runs/detect/train2/weights) by extension 'ignore'
[0.704s] Level 1:colcon.colcon_core.package_identification:_identify(runs/detect/train2/weights) by extension 'ignore_ament_install'
[0.704s] Level 1:colcon.colcon_core.package_identification:_identify(runs/detect/train2/weights) by extensions ['colcon_pkg']
[0.704s] Level 1:colcon.colcon_core.package_identification:_identify(runs/detect/train2/weights) by extension 'colcon_pkg'
[0.704s] Level 1:colcon.colcon_core.package_identification:_identify(runs/detect/train2/weights) by extensions ['colcon_meta']
[0.704s] Level 1:colcon.colcon_core.package_identification:_identify(runs/detect/train2/weights) by extension 'colcon_meta'
[0.704s] Level 1:colcon.colcon_core.package_identification:_identify(runs/detect/train2/weights) by extensions ['ros']
[0.704s] Level 1:colcon.colcon_core.package_identification:_identify(runs/detect/train2/weights) by extension 'ros'
[0.704s] Level 1:colcon.colcon_core.package_identification:_identify(runs/detect/train2/weights) by extensions ['cmake', 'python']
[0.704s] Level 1:colcon.colcon_core.package_identification:_identify(runs/detect/train2/weights) by extension 'cmake'
[0.704s] Level 1:colcon.colcon_core.package_identification:_identify(runs/detect/train2/weights) by extension 'python'
[0.704s] Level 1:colcon.colcon_core.package_identification:_identify(runs/detect/train2/weights) by extensions ['python_setup_py']
[0.704s] Level 1:colcon.colcon_core.package_identification:_identify(runs/detect/train2/weights) by extension 'python_setup_py'
[0.704s] Level 1:colcon.colcon_core.package_identification:_identify(src) by extensions ['ignore', 'ignore_ament_install']
[0.704s] Level 1:colcon.colcon_core.package_identification:_identify(src) by extension 'ignore'
[0.704s] Level 1:colcon.colcon_core.package_identification:_identify(src) by extension 'ignore_ament_install'
[0.705s] Level 1:colcon.colcon_core.package_identification:_identify(src) by extensions ['colcon_pkg']
[0.705s] Level 1:colcon.colcon_core.package_identification:_identify(src) by extension 'colcon_pkg'
[0.705s] Level 1:colcon.colcon_core.package_identification:_identify(src) by extensions ['colcon_meta']
[0.705s] Level 1:colcon.colcon_core.package_identification:_identify(src) by extension 'colcon_meta'
[0.705s] Level 1:colcon.colcon_core.package_identification:_identify(src) by extensions ['ros']
[0.705s] Level 1:colcon.colcon_core.package_identification:_identify(src) by extension 'ros'
[0.705s] Level 1:colcon.colcon_core.package_identification:_identify(src) by extensions ['cmake', 'python']
[0.705s] Level 1:colcon.colcon_core.package_identification:_identify(src) by extension 'cmake'
[0.705s] Level 1:colcon.colcon_core.package_identification:_identify(src) by extension 'python'
[0.705s] Level 1:colcon.colcon_core.package_identification:_identify(src) by extensions ['python_setup_py']
[0.705s] Level 1:colcon.colcon_core.package_identification:_identify(src) by extension 'python_setup_py'
[0.705s] Level 1:colcon.colcon_core.package_identification:_identify(src/build) by extensions ['ignore', 'ignore_ament_install']
[0.705s] Level 1:colcon.colcon_core.package_identification:_identify(src/build) by extension 'ignore'
[0.705s] Level 1:colcon.colcon_core.package_identification:_identify(src/build) ignored
[0.706s] Level 1:colcon.colcon_core.package_identification:_identify(src/install) by extensions ['ignore', 'ignore_ament_install']
[0.706s] Level 1:colcon.colcon_core.package_identification:_identify(src/install) by extension 'ignore'
[0.706s] Level 1:colcon.colcon_core.package_identification:_identify(src/install) ignored
[0.706s] Level 1:colcon.colcon_core.package_identification:_identify(src/log) by extensions ['ignore', 'ignore_ament_install']
[0.707s] Level 1:colcon.colcon_core.package_identification:_identify(src/log) by extension 'ignore'
[0.707s] Level 1:colcon.colcon_core.package_identification:_identify(src/log) ignored
[0.707s] Level 1:colcon.colcon_core.package_identification:_identify(src/rock_detection) by extensions ['ignore', 'ignore_ament_install']
[0.707s] Level 1:colcon.colcon_core.package_identification:_identify(src/rock_detection) by extension 'ignore'
[0.707s] Level 1:colcon.colcon_core.package_identification:_identify(src/rock_detection) by extension 'ignore_ament_install'
[0.707s] Level 1:colcon.colcon_core.package_identification:_identify(src/rock_detection) by extensions ['colcon_pkg']
[0.707s] Level 1:colcon.colcon_core.package_identification:_identify(src/rock_detection) by extension 'colcon_pkg'
[0.707s] Level 1:colcon.colcon_core.package_identification:_identify(src/rock_detection) by extensions ['colcon_meta']
[0.707s] Level 1:colcon.colcon_core.package_identification:_identify(src/rock_detection) by extension 'colcon_meta'
[0.707s] Level 1:colcon.colcon_core.package_identification:_identify(src/rock_detection) by extensions ['ros']
[0.707s] Level 1:colcon.colcon_core.package_identification:_identify(src/rock_detection) by extension 'ros'
[0.712s] DEBUG:colcon.colcon_core.package_identification:Package 'src/rock_detection' with type 'ros.ament_python' and name 'rock_detection'
[0.712s] Level 1:colcon.colcon_core.package_identification:_identify(src/rock_detector) by extensions ['ignore', 'ignore_ament_install']
[0.712s] Level 1:colcon.colcon_core.package_identification:_identify(src/rock_detector) by extension 'ignore'
[0.712s] Level 1:colcon.colcon_core.package_identification:_identify(src/rock_detector) by extension 'ignore_ament_install'
[0.713s] Level 1:colcon.colcon_core.package_identification:_identify(src/rock_detector) by extensions ['colcon_pkg']
[0.713s] Level 1:colcon.colcon_core.package_identification:_identify(src/rock_detector) by extension 'colcon_pkg'
[0.713s] Level 1:colcon.colcon_core.package_identification:_identify(src/rock_detector) by extensions ['colcon_meta']
[0.713s] Level 1:colcon.colcon_core.package_identification:_identify(src/rock_detector) by extension 'colcon_meta'
[0.713s] Level 1:colcon.colcon_core.package_identification:_identify(src/rock_detector) by extensions ['ros']
[0.713s] Level 1:colcon.colcon_core.package_identification:_identify(src/rock_detector) by extension 'ros'
[0.714s] DEBUG:colcon.colcon_core.package_identification:Package 'src/rock_detector' with type 'ros.ament_python' and name 'rock_detector'
[0.714s] Level 1:colcon.colcon_core.package_discovery:discover_packages(recursive) using defaults
[0.714s] Level 1:colcon.colcon_core.package_discovery:discover_packages(ignore) discover
[0.714s] Level 1:colcon.colcon_core.package_discovery:discover_packages(ignore) using defaults
[0.714s] Level 1:colcon.colcon_core.package_discovery:discover_packages(path) discover
[0.714s] Level 1:colcon.colcon_core.package_discovery:discover_packages(path) using defaults
[0.769s] Level 1:colcon.colcon_core.package_discovery:discover_packages(prefix_path) check parameters
[0.769s] Level 1:colcon.colcon_core.package_discovery:discover_packages(prefix_path) discover
[0.771s] WARNING:colcon.colcon_ros.prefix_path.ament:The path '/home/roopi66/ros2_ws/install/rock_detector' in the environment variable AMENT_PREFIX_PATH doesn't exist
[0.772s] WARNING:colcon.colcon_ros.prefix_path.ament:The path '/home/roopi66/ros2_ws/install/rock_detection' in the environment variable AMENT_PREFIX_PATH doesn't exist
[0.774s] DEBUG:colcon.colcon_installed_package_information.package_discovery:Found 0 installed packages in /home/roopi66/ros2_ws/install
[0.776s] DEBUG:colcon.colcon_installed_package_information.package_discovery:Found 272 installed packages in /opt/ros/humble
[0.778s] Level 1:colcon.colcon_core.package_discovery:discover_packages(prefix_path) using defaults
[0.870s] Level 5:colcon.colcon_core.verb:set package 'rock_detection' build argument 'cmake_args' from command line to 'None'
[0.870s] Level 5:colcon.colcon_core.verb:set package 'rock_detection' build argument 'cmake_target' from command line to 'None'
[0.870s] Level 5:colcon.colcon_core.verb:set package 'rock_detection' build argument 'cmake_target_skip_unavailable' from command line to 'False'
[0.870s] Level 5:colcon.colcon_core.verb:set package 'rock_detection' build argument 'cmake_clean_cache' from command line to 'False'
[0.870s] Level 5:colcon.colcon_core.verb:set package 'rock_detection' build argument 'cmake_clean_first' from command line to 'False'
[0.870s] Level 5:colcon.colcon_core.verb:set package 'rock_detection' build argument 'cmake_force_configure' from command line to 'False'
[0.870s] Level 5:colcon.colcon_core.verb:set package 'rock_detection' build argument 'ament_cmake_args' from command line to 'None'
[0.870s] Level 5:colcon.colcon_core.verb:set package 'rock_detection' build argument 'catkin_cmake_args' from command line to 'None'
[0.870s] Level 5:colcon.colcon_core.verb:set package 'rock_detection' build argument 'catkin_skip_building_tests' from command line to 'False'
[0.870s] DEBUG:colcon.colcon_core.verb:Building package 'rock_detection' with the following arguments: {'ament_cmake_args': None, 'build_base': '/home/roopi66/ros2_ws/build/rock_detection', 'catkin_cmake_args': None, 'catkin_skip_building_tests': False, 'cmake_args': None, 'cmake_clean_cache': False, 'cmake_clean_first': False, 'cmake_force_configure': False, 'cmake_target': None, 'cmake_target_skip_unavailable': False, 'install_base': '/home/roopi66/ros2_ws/install/rock_detection', 'merge_install': False, 'path': '/home/roopi66/ros2_ws/src/rock_detection', 'symlink_install': True, 'test_result_base': None}
[0.870s] Level 5:colcon.colcon_core.verb:set package 'rock_detector' build argument 'cmake_args' from command line to 'None'
[0.870s] Level 5:colcon.colcon_core.verb:set package 'rock_detector' build argument 'cmake_target' from command line to 'None'
[0.870s] Level 5:colcon.colcon_core.verb:set package 'rock_detector' build argument 'cmake_target_skip_unavailable' from command line to 'False'
[0.870s] Level 5:colcon.colcon_core.verb:set package 'rock_detector' build argument 'cmake_clean_cache' from command line to 'False'
[0.870s] Level 5:colcon.colcon_core.verb:set package 'rock_detector' build argument 'cmake_clean_first' from command line to 'False'
[0.870s] Level 5:colcon.colcon_core.verb:set package 'rock_detector' build argument 'cmake_force_configure' from command line to 'False'
[0.870s] Level 5:colcon.colcon_core.verb:set package 'rock_detector' build argument 'ament_cmake_args' from command line to 'None'
[0.870s] Level 5:colcon.colcon_core.verb:set package 'rock_detector' build argument 'catkin_cmake_args' from command line to 'None'
[0.870s] Level 5:colcon.colcon_core.verb:set package 'rock_detector' build argument 'catkin_skip_building_tests' from command line to 'False'
[0.870s] DEBUG:colcon.colcon_core.verb:Building package 'rock_detector' with the following arguments: {'ament_cmake_args': None, 'build_base': '/home/roopi66/ros2_ws/build/rock_detector', 'catkin_cmake_args': None, 'catkin_skip_building_tests': False, 'cmake_args': None, 'cmake_clean_cache': False, 'cmake_clean_first': False, 'cmake_force_configure': False, 'cmake_target': None, 'cmake_target_skip_unavailable': False, 'install_base': '/home/roopi66/ros2_ws/install/rock_detector', 'merge_install': False, 'path': '/home/roopi66/ros2_ws/src/rock_detector', 'symlink_install': True, 'test_result_base': None}
[0.871s] INFO:colcon.colcon_core.executor:Executing jobs using 'parallel' executor
[0.872s] DEBUG:colcon.colcon_parallel_executor.executor.parallel:run_until_complete
[0.872s] INFO:colcon.colcon_ros.task.ament_python.build:Building ROS package in '/home/roopi66/ros2_ws/src/rock_detection' with build type 'ament_python'
[0.872s] Level 1:colcon.colcon_core.shell:create_environment_hook('rock_detection', 'ament_prefix_path')
[0.880s] INFO:colcon.colcon_core.plugin_system:Skipping extension 'colcon_core.shell.bat': Not used on non-Windows systems
[0.881s] INFO:colcon.colcon_core.shell:Creating environment hook '/home/roopi66/ros2_ws/install/rock_detection/share/rock_detection/hook/ament_prefix_path.ps1'
[0.883s] INFO:colcon.colcon_core.shell:Creating environment descriptor '/home/roopi66/ros2_ws/install/rock_detection/share/rock_detection/hook/ament_prefix_path.dsv'
[0.885s] INFO:colcon.colcon_core.shell:Creating environment hook '/home/roopi66/ros2_ws/install/rock_detection/share/rock_detection/hook/ament_prefix_path.sh'
[0.887s] INFO:colcon.colcon_core.shell:Skip shell extension 'powershell' for command environment: Not usable outside of PowerShell
[0.887s] DEBUG:colcon.colcon_core.shell:Skip shell extension 'dsv' for command environment
[0.892s] INFO:colcon.colcon_ros.task.ament_python.build:Building ROS package in '/home/roopi66/ros2_ws/src/rock_detector' with build type 'ament_python'
[0.892s] Level 1:colcon.colcon_core.shell:create_environment_hook('rock_detector', 'ament_prefix_path')
[0.893s] INFO:colcon.colcon_core.shell:Creating environment hook '/home/roopi66/ros2_ws/install/rock_detector/share/rock_detector/hook/ament_prefix_path.ps1'
[0.896s] INFO:colcon.colcon_core.shell:Creating environment descriptor '/home/roopi66/ros2_ws/install/rock_detector/share/rock_detector/hook/ament_prefix_path.dsv'
[0.896s] INFO:colcon.colcon_core.shell:Creating environment hook '/home/roopi66/ros2_ws/install/rock_detector/share/rock_detector/hook/ament_prefix_path.sh'
[0.897s] INFO:colcon.colcon_core.shell:Skip shell extension 'powershell' for command environment: Not usable outside of PowerShell
[0.897s] DEBUG:colcon.colcon_core.shell:Skip shell extension 'dsv' for command environment
[1.159s] INFO:colcon.colcon_core.task.python.build:Building Python package in '/home/roopi66/ros2_ws/src/rock_detection'
[1.159s] INFO:colcon.colcon_core.shell:Skip shell extension 'powershell' for command environment: Not usable outside of PowerShell
[1.159s] DEBUG:colcon.colcon_core.shell:Skip shell extension 'dsv' for command environment
[1.411s] INFO:colcon.colcon_core.task.python.build:Building Python package in '/home/roopi66/ros2_ws/src/rock_detector'
[1.412s] INFO:colcon.colcon_core.shell:Skip shell extension 'powershell' for command environment: Not usable outside of PowerShell
[1.412s] DEBUG:colcon.colcon_core.shell:Skip shell extension 'dsv' for command environment
[1.902s] DEBUG:colcon.colcon_core.event_handler.log_command:Invoking command in '/home/roopi66/ros2_ws/build/rock_detection': PYTHONPATH=/home/roopi66/ros2_ws/build/rock_detection/prefix_override:/usr/lib/python3/dist-packages/colcon_core/task/python/colcon_distutils_commands:/home/roopi66/ros2_ws/install/rock_detection/lib/python3.10/site-packages:${PYTHONPATH} /usr/bin/python3 -W ignore:setup.py install is deprecated -W ignore:easy_install command is deprecated setup.py develop --editable --build-directory /home/roopi66/ros2_ws/build/rock_detection/build --no-deps symlink_data
[1.911s] DEBUG:colcon.colcon_core.event_handler.log_command:Invoking command in '/home/roopi66/ros2_ws/build/rock_detector': PYTHONPATH=/home/roopi66/ros2_ws/build/rock_detector/prefix_override:/usr/lib/python3/dist-packages/colcon_core/task/python/colcon_distutils_commands:/home/roopi66/ros2_ws/install/rock_detector/lib/python3.10/site-packages:${PYTHONPATH} /usr/bin/python3 -W ignore:setup.py install is deprecated -W ignore:easy_install command is deprecated setup.py develop --editable --build-directory /home/roopi66/ros2_ws/build/rock_detector/build --no-deps symlink_data
[2.379s] Level 1:colcon.colcon_core.shell:create_environment_hook('rock_detection', 'pythonpath_develop')
[2.379s] INFO:colcon.colcon_core.shell:Creating environment hook '/home/roopi66/ros2_ws/build/rock_detection/share/rock_detection/hook/pythonpath_develop.ps1'
[2.380s] DEBUG:colcon.colcon_core.event_handler.log_command:Invoked command in '/home/roopi66/ros2_ws/build/rock_detection' returned '0': PYTHONPATH=/home/roopi66/ros2_ws/build/rock_detection/prefix_override:/usr/lib/python3/dist-packages/colcon_core/task/python/colcon_distutils_commands:/home/roopi66/ros2_ws/install/rock_detection/lib/python3.10/site-packages:${PYTHONPATH} /usr/bin/python3 -W ignore:setup.py install is deprecated -W ignore:easy_install command is deprecated setup.py develop --editable --build-directory /home/roopi66/ros2_ws/build/rock_detection/build --no-deps symlink_data
[2.381s] INFO:colcon.colcon_core.shell:Creating environment descriptor '/home/roopi66/ros2_ws/build/rock_detection/share/rock_detection/hook/pythonpath_develop.dsv'
[2.382s] INFO:colcon.colcon_core.shell:Creating environment hook '/home/roopi66/ros2_ws/build/rock_detection/share/rock_detection/hook/pythonpath_develop.sh'
[2.390s] Level 1:colcon.colcon_core.environment:checking '/home/roopi66/ros2_ws/install/rock_detection' for CMake module files
[2.390s] Level 1:colcon.colcon_core.environment:checking '/home/roopi66/ros2_ws/install/rock_detection' for CMake config files
[2.391s] Level 1:colcon.colcon_core.environment:checking '/home/roopi66/ros2_ws/install/rock_detection/lib'
[2.391s] Level 1:colcon.colcon_core.environment:checking '/home/roopi66/ros2_ws/install/rock_detection/bin'
[2.391s] Level 1:colcon.colcon_core.environment:checking '/home/roopi66/ros2_ws/install/rock_detection/lib/pkgconfig/rock_detection.pc'
[2.391s] Level 1:colcon.colcon_core.environment:checking '/home/roopi66/ros2_ws/install/rock_detection/lib/python3.10/site-packages'
[2.391s] Level 1:colcon.colcon_core.shell:create_environment_hook('rock_detection', 'pythonpath')
[2.392s] INFO:colcon.colcon_core.shell:Creating environment hook '/home/roopi66/ros2_ws/install/rock_detection/share/rock_detection/hook/pythonpath.ps1'
[2.392s] INFO:colcon.colcon_core.shell:Creating environment descriptor '/home/roopi66/ros2_ws/install/rock_detection/share/rock_detection/hook/pythonpath.dsv'
[2.392s] INFO:colcon.colcon_core.shell:Creating environment hook '/home/roopi66/ros2_ws/install/rock_detection/share/rock_detection/hook/pythonpath.sh'
[2.393s] Level 1:colcon.colcon_core.environment:checking '/home/roopi66/ros2_ws/install/rock_detection/bin'
[2.393s] Level 1:colcon.colcon_core.environment:create_environment_scripts_only(rock_detection)
[2.393s] INFO:colcon.colcon_core.shell:Creating package script '/home/roopi66/ros2_ws/install/rock_detection/share/rock_detection/package.ps1'
[2.395s] INFO:colcon.colcon_core.shell:Creating package descriptor '/home/roopi66/ros2_ws/install/rock_detection/share/rock_detection/package.dsv'
[2.396s] INFO:colcon.colcon_core.shell:Creating package script '/home/roopi66/ros2_ws/install/rock_detection/share/rock_detection/package.sh'
[2.397s] INFO:colcon.colcon_core.shell:Creating package script '/home/roopi66/ros2_ws/install/rock_detection/share/rock_detection/package.bash'
[2.398s] INFO:colcon.colcon_core.shell:Creating package script '/home/roopi66/ros2_ws/install/rock_detection/share/rock_detection/package.zsh'
[2.399s] Level 1:colcon.colcon_core.environment:create_file_with_runtime_dependencies(/home/roopi66/ros2_ws/install/rock_detection/share/colcon-core/packages/rock_detection)
[2.402s] Level 1:colcon.colcon_core.shell:create_environment_hook('rock_detector', 'pythonpath_develop')
[2.403s] INFO:colcon.colcon_core.shell:Creating environment hook '/home/roopi66/ros2_ws/build/rock_detector/share/rock_detector/hook/pythonpath_develop.ps1'
[2.404s] DEBUG:colcon.colcon_core.event_handler.log_command:Invoked command in '/home/roopi66/ros2_ws/build/rock_detector' returned '0': PYTHONPATH=/home/roopi66/ros2_ws/build/rock_detector/prefix_override:/usr/lib/python3/dist-packages/colcon_core/task/python/colcon_distutils_commands:/home/roopi66/ros2_ws/install/rock_detector/lib/python3.10/site-packages:${PYTHONPATH} /usr/bin/python3 -W ignore:setup.py install is deprecated -W ignore:easy_install command is deprecated setup.py develop --editable --build-directory /home/roopi66/ros2_ws/build/rock_detector/build --no-deps symlink_data
[2.405s] INFO:colcon.colcon_core.shell:Creating environment descriptor '/home/roopi66/ros2_ws/build/rock_detector/share/rock_detector/hook/pythonpath_develop.dsv'
[2.405s] INFO:colcon.colcon_core.shell:Creating environment hook '/home/roopi66/ros2_ws/build/rock_detector/share/rock_detector/hook/pythonpath_develop.sh'
[2.406s] Level 1:colcon.colcon_core.environment:checking '/home/roopi66/ros2_ws/install/rock_detector' for CMake module files
[2.406s] Level 1:colcon.colcon_core.environment:checking '/home/roopi66/ros2_ws/install/rock_detector' for CMake config files
[2.407s] Level 1:colcon.colcon_core.environment:checking '/home/roopi66/ros2_ws/install/rock_detector/lib'
[2.407s] Level 1:colcon.colcon_core.environment:checking '/home/roopi66/ros2_ws/install/rock_detector/bin'
[2.407s] Level 1:colcon.colcon_core.environment:checking '/home/roopi66/ros2_ws/install/rock_detector/lib/pkgconfig/rock_detector.pc'
[2.407s] Level 1:colcon.colcon_core.environment:checking '/home/roopi66/ros2_ws/install/rock_detector/lib/python3.10/site-packages'
[2.407s] Level 1:colcon.colcon_core.shell:create_environment_hook('rock_detector', 'pythonpath')
[2.408s] INFO:colcon.colcon_core.shell:Creating environment hook '/home/roopi66/ros2_ws/install/rock_detector/share/rock_detector/hook/pythonpath.ps1'
[2.408s] INFO:colcon.colcon_core.shell:Creating environment descriptor '/home/roopi66/ros2_ws/install/rock_detector/share/rock_detector/hook/pythonpath.dsv'
[2.408s] INFO:colcon.colcon_core.shell:Creating environment hook '/home/roopi66/ros2_ws/install/rock_detector/share/rock_detector/hook/pythonpath.sh'
[2.409s] Level 1:colcon.colcon_core.environment:checking '/home/roopi66/ros2_ws/install/rock_detector/bin'
[2.409s] Level 1:colcon.colcon_core.environment:create_environment_scripts_only(rock_detector)
[2.409s] INFO:colcon.colcon_core.shell:Creating package script '/home/roopi66/ros2_ws/install/rock_detector/share/rock_detector/package.ps1'
[2.410s] INFO:colcon.colcon_core.shell:Creating package descriptor '/home/roopi66/ros2_ws/install/rock_detector/share/rock_detector/package.dsv'
[2.410s] INFO:colcon.colcon_core.shell:Creating package script '/home/roopi66/ros2_ws/install/rock_detector/share/rock_detector/package.sh'
[2.411s] INFO:colcon.colcon_core.shell:Creating package script '/home/roopi66/ros2_ws/install/rock_detector/share/rock_detector/package.bash'
[2.411s] INFO:colcon.colcon_core.shell:Creating package script '/home/roopi66/ros2_ws/install/rock_detector/share/rock_detector/package.zsh'
[2.411s] Level 1:colcon.colcon_core.environment:create_file_with_runtime_dependencies(/home/roopi66/ros2_ws/install/rock_detector/share/colcon-core/packages/rock_detector)
[2.412s] DEBUG:colcon.colcon_parallel_executor.executor.parallel:closing loop
[2.412s] DEBUG:colcon.colcon_parallel_executor.executor.parallel:loop closed
[2.413s] DEBUG:colcon.colcon_parallel_executor.executor.parallel:run_until_complete finished with '0'
[2.413s] DEBUG:colcon.colcon_core.event_reactor:joining thread
[2.460s] INFO:colcon.colcon_core.plugin_system:Skipping extension 'colcon_notification.desktop_notification.notify_send': Could not find 'notify-send'
[2.461s] INFO:colcon.colcon_core.plugin_system:Skipping extension 'colcon_notification.desktop_notification.terminal_notifier': Not used on non-Darwin systems
[2.461s] INFO:colcon.colcon_core.plugin_system:Skipping extension 'colcon_notification.desktop_notification.win32': Not used on non-Windows systems
[2.461s] INFO:colcon.colcon_notification.desktop_notification:Sending desktop notification using 'notify2'
[2.463s] DEBUG:colcon.colcon_notification.desktop_notification.notify2:Failed to initialize notify2: org.freedesktop.DBus.Error.ServiceUnknown: The name org.freedesktop.Notifications was not provided by any .service files
[2.463s] DEBUG:colcon.colcon_core.event_reactor:joined thread
[2.463s] INFO:colcon.colcon_core.shell:Creating prefix script '/home/roopi66/ros2_ws/install/local_setup.ps1'
[2.465s] INFO:colcon.colcon_core.shell:Creating prefix util module '/home/roopi66/ros2_ws/install/_local_setup_util_ps1.py'
[2.466s] INFO:colcon.colcon_core.shell:Creating prefix chain script '/home/roopi66/ros2_ws/install/setup.ps1'
[2.468s] INFO:colcon.colcon_core.shell:Creating prefix script '/home/roopi66/ros2_ws/install/local_setup.sh'
[2.469s] INFO:colcon.colcon_core.shell:Creating prefix util module '/home/roopi66/ros2_ws/install/_local_setup_util_sh.py'
[2.469s] INFO:colcon.colcon_core.shell:Creating prefix chain script '/home/roopi66/ros2_ws/install/setup.sh'
[2.471s] INFO:colcon.colcon_core.shell:Creating prefix script '/home/roopi66/ros2_ws/install/local_setup.bash'
[2.472s] INFO:colcon.colcon_core.shell:Creating prefix chain script '/home/roopi66/ros2_ws/install/setup.bash'
[2.474s] INFO:colcon.colcon_core.shell:Creating prefix script '/home/roopi66/ros2_ws/install/local_setup.zsh'
[2.475s] INFO:colcon.colcon_core.shell:Creating prefix chain script '/home/roopi66/ros2_ws/install/setup.zsh'
