[1.019s] Invoking command in '/home/roopi66/ros2_ws/build/rock_detector': PYTHONPATH=/home/roopi66/ros2_ws/build/rock_detector/prefix_override:/usr/lib/python3/dist-packages/colcon_core/task/python/colcon_distutils_commands:/home/roopi66/ros2_ws/install/rock_detector/lib/python3.10/site-packages:${PYTHONPATH} /usr/bin/python3 -W ignore:setup.py install is deprecated -W ignore:easy_install command is deprecated setup.py develop --editable --build-directory /home/roopi66/ros2_ws/build/rock_detector/build --no-deps symlink_data
[1.264s] running develop
[1.415s] running egg_info
[1.415s] creating rock_detector.egg-info
[1.416s] writing rock_detector.egg-info/PKG-INFO
[1.417s] writing dependency_links to rock_detector.egg-info/dependency_links.txt
[1.417s] writing entry points to rock_detector.egg-info/entry_points.txt
[1.417s] writing requirements to rock_detector.egg-info/requires.txt
[1.417s] writing top-level names to rock_detector.egg-info/top_level.txt
[1.418s] writing manifest file 'rock_detector.egg-info/SOURCES.txt'
[1.420s] reading manifest file 'rock_detector.egg-info/SOURCES.txt'
[1.420s] writing manifest file 'rock_detector.egg-info/SOURCES.txt'
[1.422s] running build_ext
[1.423s] Creating /home/roopi66/ros2_ws/install/rock_detector/lib/python3.10/site-packages/rock-detector.egg-link (link to .)
[1.425s] Installing camera_node script to /home/roopi66/ros2_ws/install/rock_detector/lib/rock_detector
[1.425s] Installing detector_node script to /home/roopi66/ros2_ws/install/rock_detector/lib/rock_detector
[1.425s] Installing turtle_controller script to /home/roopi66/ros2_ws/install/rock_detector/lib/rock_detector
[1.425s] 
[1.426s] Installed /home/roopi66/ros2_ws/build/rock_detector
[1.426s] running symlink_data
[1.426s] creating /home/roopi66/ros2_ws/install/rock_detector/share/ament_index
[1.426s] creating /home/roopi66/ros2_ws/install/rock_detector/share/ament_index/resource_index
[1.427s] creating /home/roopi66/ros2_ws/install/rock_detector/share/ament_index/resource_index/packages
[1.427s] symbolically linking /home/roopi66/ros2_ws/build/rock_detector/resource/rock_detector -> /home/roopi66/ros2_ws/install/rock_detector/share/ament_index/resource_index/packages
[1.427s] symbolically linking /home/roopi66/ros2_ws/build/rock_detector/package.xml -> /home/roopi66/ros2_ws/install/rock_detector/share/rock_detector
[1.427s] creating /home/roopi66/ros2_ws/install/rock_detector/share/rock_detector/launch
[1.428s] symbolically linking /home/roopi66/ros2_ws/build/rock_detector/launch/rock_detector.launch.py -> /home/roopi66/ros2_ws/install/rock_detector/share/rock_detector/launch
[1.513s] Invoked command in '/home/roopi66/ros2_ws/build/rock_detector' returned '0': PYTHONPATH=/home/roopi66/ros2_ws/build/rock_detector/prefix_override:/usr/lib/python3/dist-packages/colcon_core/task/python/colcon_distutils_commands:/home/roopi66/ros2_ws/install/rock_detector/lib/python3.10/site-packages:${PYTHONPATH} /usr/bin/python3 -W ignore:setup.py install is deprecated -W ignore:easy_install command is deprecated setup.py develop --editable --build-directory /home/roopi66/ros2_ws/build/rock_detector/build --no-deps symlink_data
